Build started 12/8/2015 6:41:01 PM.
     1>Project "C:\Users\Omistaja\Desktop\ArtemisEngine\ArtemisEngine\ArtemisEngine.vcxproj" on node 2 (Build target(s)).
     1>ClCompile:
         C:\Program Files (x86)\Microsoft Visual Studio 12.0\VC\bin\CL.exe /c /IC:\Users\Omistaja\Desktop\ArtemisEngine\ArtemisEngine\include\ /IC:\Users\Omistaja\Desktop\ArtemisEngine\ArtemisEngine\ /ZI /nologo /W3 /WX- /sdl /Od /Oy- /D WIN32 /D NDEBUG /D _WINDOWS /D _CRT_SECURE_NO_DEPRECATE /D _UNICODE /D UNICODE /Gm /EHsc /RTC1 /MDd /GS /fp:precise /Zc:wchar_t /Zc:forScope /GR /Fo"Debug\\" /Fd"Debug\vc120.pdb" /Gd /TP /analyze- /errorReport:prompt Component.cpp GameObject.cpp Image.cpp Input.cpp Main.cpp Network.cpp NetworkComponent.cpp NetworkSystem.cpp Object.cpp ObjectLoader.cpp Physics.cpp PhysicsSystem.cpp Renderable.cpp RenderingContext.cpp RenderingSystem.cpp Resource.cpp ResourceLoader.cpp ResourceManager.cpp SystemManager.cpp Transformable.cpp Window.cpp WriteToFile.cpp
         ResourceLoader.cpp
     1>c:\users\omistaja\desktop\artemisengine\artemisengine\resourceloader.cpp(50): warning C4244: 'initializing' : conversion from 'std::streamoff' to 'int', possible loss of data
         Generating Code...
         Skipping... (no relevant changes detected)
         WriteToFile.cpp
         Window.cpp
         Transformable.cpp
         SystemManager.cpp
         ResourceManager.cpp
         Resource.cpp
         RenderingSystem.cpp
         RenderingContext.cpp
         Renderable.cpp
         PhysicsSystem.cpp
         Physics.cpp
         ObjectLoader.cpp
         Object.cpp
         NetworkSystem.cpp
         NetworkComponent.cpp
         Network.cpp
         Main.cpp
         Input.cpp
         Image.cpp
         GameObject.cpp
         Component.cpp
       Link:
         C:\Program Files (x86)\Microsoft Visual Studio 12.0\VC\bin\link.exe /ERRORREPORT:PROMPT /OUT:"C:\Users\Omistaja\Desktop\ArtemisEngine\Debug\ArtemisEngine.exe" /INCREMENTAL /NOLOGO /LIBPATH:C:\Users\Omistaja\Desktop\ArtemisEngine\ArtemisEngine\include\ /LIBPATH:C:\Users\Omistaja\Desktop\ArtemisEngine\ArtemisEngine\ /LIBPATH:C:\Users\Omistaja\Desktop\ArtemisEngine\ArtemisEngine\\ FreeImaged.lib LibJXR.lib glew32d.lib glew32sd.lib opengl32.lib kernel32.lib user32.lib gdi32.lib winspool.lib comdlg32.lib advapi32.lib shell32.lib ole32.lib oleaut32.lib uuid.lib odbc32.lib odbccp32.lib kernel32.lib user32.lib gdi32.lib winspool.lib comdlg32.lib advapi32.lib shell32.lib ole32.lib oleaut32.lib uuid.lib odbc32.lib odbccp32.lib /MANIFEST /MANIFESTUAC:"level='asInvoker' uiAccess='false'" /manifest:embed /DEBUG /PDB:"C:\Users\Omistaja\Desktop\ArtemisEngine\Debug\ArtemisEngine.pdb" /TLBID:1 /ENTRY:"mainCRTStartup" /DYNAMICBASE /NXCOMPAT /IMPLIB:"C:\Users\Omistaja\Desktop\ArtemisEngine\Debug\ArtemisEngine.lib" /MACHINE:X86 Debug\Component.obj
         Debug\GameObject.obj
         Debug\Image.obj
         Debug\Input.obj
         Debug\Main.obj
         Debug\Network.obj
         Debug\NetworkComponent.obj
         Debug\NetworkSystem.obj
         Debug\Object.obj
         Debug\ObjectLoader.obj
         Debug\Physics.obj
         Debug\PhysicsSystem.obj
         Debug\Renderable.obj
         Debug\RenderingContext.obj
         Debug\RenderingSystem.obj
         Debug\Resource.obj
         Debug\ResourceLoader.obj
         Debug\ResourceManager.obj
         Debug\SystemManager.obj
         Debug\Transformable.obj
         Debug\Window.obj
         Debug\WriteToFile.obj
         ArtemisEngine.vcxproj -> C:\Users\Omistaja\Desktop\ArtemisEngine\Debug\ArtemisEngine.exe
     1>Done Building Project "C:\Users\Omistaja\Desktop\ArtemisEngine\ArtemisEngine\ArtemisEngine.vcxproj" (Build target(s)).

Build succeeded.

Time Elapsed 00:00:05.40
